YF.download() has changed argument auto_adjust default to True

Series length: 503 observations
Date range: 2015-01-09 to 2024-12-31
------------------------------------------------------------
Fitting ARMA(1,1)...
------------------------------------------------------------
                               SARIMAX Results                                
==============================================================================
Dep. Variable:                   GOOG   No. Observations:                  503
Model:               SARIMAX(1, 0, 1)   Log Likelihood                -404.862
Date:                Thu, 19 Feb 2026   AIC                            817.723
Time:                        19:54:17   BIC                            834.606
Sample:                             0   HQIC                           824.346
                                - 503                                         
Covariance Type:                  opg                                         
==============================================================================
                 coef    std err          z      P>|z|      [0.025      0.975]
------------------------------------------------------------------------------
intercept     -0.1448      0.053     -2.754      0.006      -0.248      -0.042
ar.L1          0.9096      0.032     28.671      0.000       0.847       0.972
ma.L1         -0.7027      0.052    -13.538      0.000      -0.804      -0.601
sigma2         0.2926      0.017     17.483      0.000       0.260       0.325
===================================================================================
Ljung-Box (L1) (Q):                   1.01   Jarque-Bera (JB):                 4.13
Prob(Q):                              0.31   Prob(JB):                         0.13
Heteroskedasticity (H):               0.87   Skew:                            -0.02
Prob(H) (two-sided):                  0.37   Kurtosis:                         3.44
===================================================================================

Warnings:
[1] Covariance matrix calculated using the outer product of gradients (complex-step).

------------------------------------------------------------
Fitting SARIMA(1,0,1)(1,0,1)_4...
------------------------------------------------------------
                                     SARIMAX Results                                     
=========================================================================================
Dep. Variable:                              GOOG   No. Observations:                  503
Model:             SARIMAX(1, 0, 1)x(1, 0, 1, 4)   Log Likelihood                -406.685
Date:                           Thu, 19 Feb 2026   AIC                            825.371
Time:                                   19:54:18   BIC                            850.694
Sample:                                        0   HQIC                           835.305
                                           - 503                                         
Covariance Type:                             opg                                         
==============================================================================
                 coef    std err          z      P>|z|      [0.025      0.975]
------------------------------------------------------------------------------
intercept     -0.0043      0.005     -0.778      0.437      -0.015       0.006
ar.L1          0.8861      0.041     21.614      0.000       0.806       0.966
ma.L1         -0.6666      0.062    -10.725      0.000      -0.788      -0.545
ar.S.L4        0.9766      0.034     28.959      0.000       0.910       1.043
ma.S.L4       -0.9964      0.056    -17.730      0.000      -1.107      -0.886
sigma2         0.2939      0.021     14.248      0.000       0.253       0.334
===================================================================================
Ljung-Box (L1) (Q):                   0.57   Jarque-Bera (JB):                 3.69
Prob(Q):                              0.45   Prob(JB):                         0.16
Heteroskedasticity (H):               0.86   Skew:                            -0.04
Prob(H) (two-sided):                  0.34   Kurtosis:                         3.41
===================================================================================

Warnings:
[1] Covariance matrix calculated using the outer product of gradients (complex-step).

============================================================
MODEL COMPARISON
============================================================
Model                                 AIC        BIC     LogLik   Params
--------------------------------------------------------------------
ARMA(1,1)                          817.72     834.61    -404.86        4
SARIMA(1,0,1)(1,0,1)_4             825.37     850.69    -406.69        6
--------------------------------------------------------------------
ARMA is preferred (ΔAIC = 7.65)

============================================================
RESIDUAL DIAGNOSTICS: ARMA(1,1)
============================================================

--- Ljung-Box Test (H0: residuals are white noise) ---
  Lag 10: Q =    9.563, p = 0.4796  ✓ PASS (white noise)
  Lag 15: Q =   15.904, p = 0.3884  ✓ PASS (white noise)
  Lag 20: Q =   18.459, p = 0.5572  ✓ PASS (white noise)

--- Jarque-Bera Test (H0: residuals are normal) ---
  JB = 4.102, p = 0.1286  ✓ PASS (normal)
  Skewness = -0.0228, Kurtosis = 3.4400

--- ARCH LM Test (H0: no ARCH effects / constant variance) ---
  Lag  5: LM =    3.507, p = 0.6223  ✓ PASS (homoskedastic)
  Lag 10: LM =    6.206, p = 0.7977  ✓ PASS (homoskedastic)

--- Shapiro-Wilk Test (H0: residuals are normal) ---
  W = 0.9963, p = 0.3084  ✓ PASS (normal)

============================================================
RESIDUAL DIAGNOSTICS: SARIMA(1,0,1)(1,0,1)_4
============================================================

--- Ljung-Box Test (H0: residuals are white noise) ---
  Lag 10: Q =   12.290, p = 0.2661  ✓ PASS (white noise)
  Lag 15: Q =   17.676, p = 0.2801  ✓ PASS (white noise)
  Lag 20: Q =   20.608, p = 0.4205  ✓ PASS (white noise)

--- Jarque-Bera Test (H0: residuals are normal) ---
  JB = 3.678, p = 0.1590  ✓ PASS (normal)
  Skewness = -0.0380, Kurtosis = 3.4120

--- ARCH LM Test (H0: no ARCH effects / constant variance) ---
  Lag  5: LM =    2.102, p = 0.8348  ✓ PASS (homoskedastic)
  Lag 10: LM =    4.466, p = 0.9239  ✓ PASS (homoskedastic)

--- Shapiro-Wilk Test (H0: residuals are normal) ---
  W = 0.9961, p = 0.2606  ✓ PASS (normal)


Residual comparison plot saved: residual_comparison.png

============================================================
PARAMETER ESTIMATES
============================================================

ARMA(1,1):
  intercept            =  -0.1448  (p = 0.0059) **
  ar.L1                =   0.9096  (p = 0.0000) ***
  ma.L1                =  -0.7027  (p = 0.0000) ***
  sigma2               =   0.2926  (p = 0.0000) ***

SARIMA(1,0,1)(1,0,1)_4:
  intercept            =  -0.0043  (p = 0.4368) 
  ar.L1                =   0.8861  (p = 0.0000) ***
  ma.L1                =  -0.6666  (p = 0.0000) ***
  ar.S.L4              =   0.9766  (p = 0.0000) ***
  ma.S.L4              =  -0.9964  (p = 0.0000) ***
  sigma2               =   0.2939  (p = 0.0000) ***

============================================================
SEASONAL TERM SIGNIFICANCE CHECK
============================================================
  ar.S.L4: p = 0.0000 → SIGNIFICANT
  ma.S.L4: p = 0.0000 → SIGNIFICANT

============================================================
INTERPRETATION GUIDE
============================================================

Key questions to answer in your paper:

1. AIC COMPARISON: Is the SARIMA AIC lower by >2 than ARMA?
   - If yes: seasonal terms capture real structure → use SARIMA
   - If no: seasonal terms add complexity without benefit → use ARMA(1,1)

2. SEASONAL PARAMETERS: Are the seasonal AR/MA coefficients significant?
   - If p > 0.05: the 0.24 spectral peak was noise, not exploitable seasonality
   - If p < 0.05: monthly cycle exists but check if AIC actually improves

3. LJUNG-BOX: Do both models produce white noise residuals?
   - Both pass: prefer simpler ARMA(1,1)
   - Only SARIMA passes: seasonal terms are needed
   - Both fail: neither model is adequate, consider GARCH or higher orders

4. ARCH LM TEST: Do residuals show conditional heteroskedasticity?
   - If yes: volatility-of-volatility exists → mention GARCH as future work
   - If no: ARMA variance assumptions are satisfied

5. QQ PLOT: Check the tails.
   - Fat tails are common for financial vol series
   - Report honestly; doesn't invalidate ARMA but affects prediction intervals

Done! Check residual_comparison.png for the visual comparison.
